<?xml version="1.0" encoding="UTF-8"?>
<!-- Generated by org.testng.reporters.JUnitReportReporter -->
<testsuite hostname="LVAGPLTP6423" failures="0" tests="4" name="Insurance.LifeInsurance" time="0.001" errors="0" timestamp="2023-06-05T18:13:03 EEST" skipped="0">
  <testcase classname="Insurance.LifeInsurance" name="WebLoginLifeInsurance" time="0.001"/>
  <system-out/>
  <testcase classname="Insurance.LifeInsurance" name="WebLogoutLifeInsurance" time="0.000"/>
  <system-out/>
  <testcase classname="Insurance.LifeInsurance" name="mobileLoginLifeInsurance" time="0.000"/>
  <system-out/>
  <testcase classname="Insurance.LifeInsurance" name="mobileLogoutLifeInsurance" time="0.000"/>
  <system-out/>
</testsuite> <!-- Insurance.LifeInsurance -->
