<?xml version="1.0" encoding="UTF-8"?>
<!-- Generated by org.testng.reporters.JUnitReportReporter -->
<testsuite hostname="LVAGPLTP6423" failures="0" tests="4" name="Insurance.HomeInsurance" time="0.003" errors="0" timestamp="2023-06-05T18:13:03 EEST" skipped="0">
  <testcase classname="Insurance.HomeInsurance" name="WebLoginHomeInsurance" time="0.001"/>
  <system-out/>
  <testcase classname="Insurance.HomeInsurance" name="WebLogoutHomeInsurance" time="0.001"/>
  <system-out/>
  <testcase classname="Insurance.HomeInsurance" name="mobileLoginHomeInsurance" time="0.000"/>
  <system-out/>
  <testcase classname="Insurance.HomeInsurance" name="mobileLogoutHomeInsurance" time="0.001"/>
  <system-out/>
</testsuite> <!-- Insurance.HomeInsurance -->
