<?xml version="1.0" encoding="UTF-8"?>
<!-- Generated by org.testng.reporters.JUnitReportReporter -->
<testsuite hostname="LVAGPLTP6423" failures="0" tests="4" name="Insurance.VehicleInsurance" time="0.001" errors="0" timestamp="2023-06-05T18:27:08 EEST" skipped="1">
  <testcase classname="Insurance.VehicleInsurance" name="WebLoginVehicleInsurance" time="0.001"/>
  <system-out/>
  <testcase classname="Insurance.VehicleInsurance" name="WebLogoutVehicleInsurance" time="0.000"/>
  <system-out/>
  <testcase classname="Insurance.VehicleInsurance" name="mobileLoginVehicleInsurance" time="0.000"/>
  <system-out/>
  <testcase classname="Insurance.VehicleInsurance" name="mobileLogoutVehicleInsurance">
    <skipped/>
  </testcase> <!-- mobileLogoutVehicleInsurance -->
  <system-out/>
</testsuite> <!-- Insurance.VehicleInsurance -->
