<?xml version="1.0" encoding="UTF-8"?>
<!-- Generated by org.testng.reporters.JUnitReportReporter -->
<testsuite hostname="LVAGPLTP6423" failures="0" tests="2" name="Insurance.DogInsurance" time="0.003" errors="0" timestamp="2023-06-05T18:27:08 EEST" skipped="0">
  <testcase classname="Insurance.DogInsurance" name="WebLoginDogInsurance" time="0.003"/>
  <system-out/>
  <testcase classname="Insurance.DogInsurance" name="WebLogoutDogInsurance" time="0.000"/>
  <system-out/>
</testsuite> <!-- Insurance.DogInsurance -->
